INFO - 2024-08-08 11:11:55 --> Session: Class initialized using 'CodeIgniter\Session\Handlers\FileHandler' driver.
INFO - 2024-08-08 11:11:55 --> Session: Class initialized using 'CodeIgniter\Session\Handlers\FileHandler' driver.
INFO - 2024-08-08 11:12:05 --> Session: Class initialized using 'CodeIgniter\Session\Handlers\FileHandler' driver.
INFO - 2024-08-08 11:12:18 --> Session: Class initialized using 'CodeIgniter\Session\Handlers\FileHandler' driver.
INFO - 2024-08-08 11:12:18 --> Session: Class initialized using 'CodeIgniter\Session\Handlers\FileHandler' driver.
CRITICAL - 2024-08-08 11:12:18 --> ErrorException: Trying to access array offset on value of type null
[Method: GET, Route: contract/edit/stylelogin.css]
in APPPATH\Views\edit_contract.php on line 165.
 1 APPPATH\Views\edit_contract.php(165): CodeIgniter\Debug\Exceptions->errorHandler(2, 'Trying to access array offset on value of type null', 'C:\\Users\\ASUS\\OneDrive\\Desktop\\SEM\\xampp\\htdocs\\ci4\\app\\Views\\edit_contract.php', 165)
 2 SYSTEMPATH\View\View.php(234): include('C:\\Users\\ASUS\\OneDrive\\Desktop\\SEM\\xampp\\htdocs\\ci4\\app\\Views\\edit_contract.php')
 3 SYSTEMPATH\View\View.php(237): CodeIgniter\View\View->CodeIgniter\View\{closure}()
 4 SYSTEMPATH\Common.php(1169): CodeIgniter\View\View->render('edit_contract', [], true)
 5 APPPATH\Controllers\Contract.php(105): view('edit_contract', [...])
 6 SYSTEMPATH\CodeIgniter.php(933): App\Controllers\Contract->edit('stylelogin.css')
 7 SYSTEMPATH\CodeIgniter.php(509): CodeIgniter\CodeIgniter->runController(Object(App\Controllers\Contract))
 8 SYSTEMPATH\CodeIgniter.php(355): CodeIgniter\CodeIgniter->handleRequest(null, Object(Config\Cache), false)
 9 SYSTEMPATH\Boot.php(325): CodeIgniter\CodeIgniter->run()
10 SYSTEMPATH\Boot.php(67): CodeIgniter\Boot::runCodeIgniter(Object(CodeIgniter\CodeIgniter))
11 FCPATH\index.php(56): CodeIgniter\Boot::bootWeb(Object(Config\Paths))
INFO - 2024-08-08 11:12:37 --> Session: Class initialized using 'CodeIgniter\Session\Handlers\FileHandler' driver.
